Loading NGL library 'D:/lscc/diamond/2.0/ispfpga/xo2c00a/data/xo2alib.ngl'...
Loading NGL library 'D:/lscc/diamond/2.0/ispfpga/xo2c00/data/xo2clib.ngl'...
Loading NGL library 'D:/lscc/diamond/2.0/ispfpga/mg5g00/data/mg5glib.ngl'...
Loading NGL library 'D:/lscc/diamond/2.0/ispfpga/or5g00/data/orc5glib.ngl'...
 
Running DRC... 
WARNING - synthesis: logical net 'ir_all_in_c' has no load
WARNING - synthesis: logical net 'rs232_402x_tx_c_7' has no load
WARNING - synthesis: logical net 'rs232_402x_tx_c_6' has no load
WARNING - synthesis: logical net 'uart_u2/speed_tx/cnt_1508_add_4_15/CO' has no load
WARNING - synthesis: logical net 'uart_u2/speed_tx/cnt_1508_add_4_15/S1' has no load
WARNING - synthesis: logical net 'uart_u2/speed_tx/cnt_1508_add_4_1/S0' has no load
WARNING - synthesis: logical net 'uart_u2/speed_tx/sub_1294_add_2_15/CO' has no load
WARNING - synthesis: logical net 'uart_u2/speed_tx/sub_1294_add_2_15/S0' has no load
WARNING - synthesis: logical net 'uart_u2/speed_tx/sub_1294_add_2_13/S0' has no load
WARNING - synthesis: logical net 'uart_u2/speed_tx/sub_1294_add_2_13/S1' has no load
WARNING - synthesis: logical net 'uart_u2/speed_tx/sub_1294_add_2_11/S0' has no load
WARNING - synthesis: logical net 'uart_u2/speed_tx/sub_1294_add_2_11/S1' has no load
WARNING - synthesis: logical net 'uart_u2/speed_tx/sub_1294_add_2_9/S0' has no load
WARNING - synthesis: logical net 'uart_u2/speed_tx/sub_1294_add_2_9/S1' has no load
WARNING - synthesis: logical net 'uart_u2/speed_tx/sub_1294_add_2_7/S0' has no load
WARNING - synthesis: logical net 'uart_u2/speed_tx/sub_1294_add_2_7/S1' has no load
WARNING - synthesis: logical net 'uart_u2/speed_tx/sub_1294_add_2_5/S0' has no load
WARNING - synthesis: logical net 'uart_u2/speed_tx/sub_1294_add_2_5/S1' has no load
WARNING - synthesis: logical net 'uart_u2/speed_tx/sub_1294_add_2_3/S0' has no load
WARNING - synthesis: logical net 'uart_u2/speed_tx/sub_1294_add_2_3/S1' has no load
WARNING - synthesis: logical net 'uart_u2/speed_tx/sub_1294_add_2_1/S0' has no load
WARNING - synthesis: logical net 'uart_u2/speed_tx/sub_1294_add_2_1/S1' has no load
WARNING - synthesis: logical net 'wd_disable_402_to_mcu_1472_add_4_11/CO' has no load
WARNING - synthesis: logical net 'wd_disable_402_to_mcu_1472_add_4_1/S0' has no load
WARNING - synthesis: logical net 'clock_count_1473_add_4_17/CO' has no load
WARNING - synthesis: logical net 'clock_count_1473_add_4_17/S1' has no load
WARNING - synthesis: logical net 'clock_count_1473_add_4_1/S0' has no load
WARNING - synthesis: logical net 'car_cnt_1475_add_4_11/CO' has no load
WARNING - synthesis: logical net 'car_cnt_1475_add_4_11/S1' has no load
WARNING - synthesis: logical net 'car_cnt_1475_add_4_1/S0' has no load
WARNING - synthesis: logical net 'ir_car_detect1/add_9_13/CO' has no load
WARNING - synthesis: logical net 'ir_car_detect1/add_9_13/S1' has no load
WARNING - synthesis: logical net 'ir_car_detect1/add_9_1/S0' has no load
WARNING - synthesis: logical net 'ir_car_detect2/add_9_13/CO' has no load
WARNING - synthesis: logical net 'ir_car_detect2/add_9_13/S1' has no load
WARNING - synthesis: logical net 'ir_car_detect2/add_9_1/S0' has no load
WARNING - synthesis: logical net 'ir_car_detect0/add_9_1/S0' has no load
WARNING - synthesis: logical net 'ir_car_detect0/add_9_13/CO' has no load
WARNING - synthesis: logical net 'ir_car_detect0/add_9_13/S1' has no load
WARNING - synthesis: logical net 'ir_car_detect4/add_9_1/S0' has no load
WARNING - synthesis: logical net 'ir_car_detect4/add_9_13/CO' has no load
WARNING - synthesis: logical net 'ir_car_detect4/add_9_13/S1' has no load
WARNING - synthesis: logical net 'ir_car_detect7/add_9_13/CO' has no load
WARNING - synthesis: logical net 'ir_car_detect7/add_9_13/S1' has no load
WARNING - synthesis: logical net 'ir_car_detect7/add_9_1/S0' has no load
WARNING - synthesis: logical net 'ir_car_detect5/add_9_13/CO' has no load
WARNING - synthesis: logical net 'ir_car_detect5/add_9_13/S1' has no load
WARNING - synthesis: logical net 'ir_car_detect5/add_9_1/S0' has no load
WARNING - synthesis: logical net 'pc2mcu_uart_top1/pc2mcu_tx/add_26288_14/CO' has no load
WARNING - synthesis: logical net 'pc2mcu_uart_top1/pc2mcu_tx/add_26288_14/S0' has no load
WARNING - synthesis: logical net 'pc2mcu_uart_top1/pc2mcu_tx/add_26288_12/S0' has no load
WARNING - synthesis: logical net 'pc2mcu_uart_top1/pc2mcu_tx/add_26288_12/S1' has no load
WARNING - synthesis: logical net 'pc2mcu_uart_top1/pc2mcu_tx/add_26288_10/S0' has no load
WARNING - synthesis: logical net 'pc2mcu_uart_top1/pc2mcu_tx/add_26288_10/S1' has no load
WARNING - synthesis: logical net 'pc2mcu_uart_top1/pc2mcu_tx/add_26288_8/S0' has no load
WARNING - synthesis: logical net 'pc2mcu_uart_top1/pc2mcu_tx/add_26288_8/S1' has no load
WARNING - synthesis: logical net 'pc2mcu_uart_top1/pc2mcu_tx/add_26288_6/S0' has no load
WARNING - synthesis: logical net 'pc2mcu_uart_top1/pc2mcu_tx/add_26288_6/S1' has no load
WARNING - synthesis: logical net 'pc2mcu_uart_top1/pc2mcu_tx/add_26288_4/S0' has no load
WARNING - synthesis: logical net 'pc2mcu_uart_top1/pc2mcu_tx/add_26288_4/S1' has no load
WARNING - synthesis: logical net 'pc2mcu_uart_top1/pc2mcu_tx/add_26288_2/S0' has no load
WARNING - synthesis: logical net 'pc2mcu_uart_top1/pc2mcu_tx/add_26288_2/S1' has no load
WARNING - synthesis: logical net 'pc2mcu_uart_top1/pc2mcu_tx/rx_clk_count_1506_add_4_15/CO' has no load
WARNING - synthesis: logical net 'pc2mcu_uart_top1/pc2mcu_tx/rx_clk_count_1506_add_4_15/S1' has no load
WARNING - synthesis: logical net 'pc2mcu_uart_top1/pc2mcu_tx/rx_clk_count_1506_add_4_1/S0' has no load
WARNING - synthesis: logical net 'pc2mcu_uart_top1/pc2mcu_rx/equal_9_10/S0' has no load
WARNING - synthesis: logical net 'pc2mcu_uart_top1/pc2mcu_rx/equal_9_10/S1' has no load
WARNING - synthesis: logical net 'pc2mcu_uart_top1/pc2mcu_rx/equal_9_0/S0' has no load
WARNING - synthesis: logical net 'pc2mcu_uart_top1/pc2mcu_rx/equal_9_0/S1' has no load
WARNING - synthesis: logical net 'pc2mcu_uart_top1/pc2mcu_rx/sub_8_add_2_15/CO' has no load
WARNING - synthesis: logical net 'pc2mcu_uart_top1/pc2mcu_rx/sub_8_add_2_15/S1' has no load
WARNING - synthesis: logical net 'pc2mcu_uart_top1/pc2mcu_rx/sub_8_add_2_1/S0' has no load
WARNING - synthesis: logical net 'pc2mcu_uart_top1/pc2mcu_rx/sub_1291_add_2_15/CO' has no load
WARNING - synthesis: logical net 'pc2mcu_uart_top1/pc2mcu_rx/sub_1291_add_2_15/S0' has no load
WARNING - synthesis: logical net 'pc2mcu_uart_top1/pc2mcu_rx/sub_1291_add_2_13/S0' has no load
WARNING - synthesis: logical net 'pc2mcu_uart_top1/pc2mcu_rx/sub_1291_add_2_13/S1' has no load
WARNING - synthesis: logical net 'pc2mcu_uart_top1/pc2mcu_rx/sub_1291_add_2_11/S0' has no load
WARNING - synthesis: logical net 'pc2mcu_uart_top1/pc2mcu_rx/sub_1291_add_2_11/S1' has no load
WARNING - synthesis: logical net 'pc2mcu_uart_top1/pc2mcu_rx/sub_1291_add_2_9/S0' has no load
WARNING - synthesis: logical net 'pc2mcu_uart_top1/pc2mcu_rx/sub_1291_add_2_9/S1' has no load
WARNING - synthesis: logical net 'pc2mcu_uart_top1/pc2mcu_rx/sub_1291_add_2_7/S0' has no load
WARNING - synthesis: logical net 'pc2mcu_uart_top1/pc2mcu_rx/sub_1291_add_2_7/S1' has no load
WARNING - synthesis: logical net 'pc2mcu_uart_top1/pc2mcu_rx/sub_1291_add_2_5/S0' has no load
WARNING - synthesis: logical net 'pc2mcu_uart_top1/pc2mcu_rx/sub_1291_add_2_5/S1' has no load
WARNING - synthesis: logical net 'pc2mcu_uart_top1/pc2mcu_rx/sub_1291_add_2_3/S0' has no load
WARNING - synthesis: logical net 'pc2mcu_uart_top1/pc2mcu_rx/sub_1291_add_2_3/S1' has no load
WARNING - synthesis: logical net 'pc2mcu_uart_top1/pc2mcu_rx/sub_1291_add_2_1/S0' has no load
WARNING - synthesis: logical net 'pc2mcu_uart_top1/pc2mcu_rx/sub_1291_add_2_1/S1' has no load
WARNING - synthesis: logical net 'pc2mcu_uart_top1/pc2mcu_rx/equal_9_14/CO' has no load
WARNING - synthesis: logical net 'pc2mcu_uart_top1/pc2mcu_rx/equal_9_14/S1' has no load
WARNING - synthesis: logical net 'pc2mcu_uart_top1/pc2mcu_rx/add_6_15/CO' has no load
WARNING - synthesis: logical net 'pc2mcu_uart_top1/pc2mcu_rx/add_6_15/S1' has no load
WARNING - synthesis: logical net 'pc2mcu_uart_top1/pc2mcu_rx/add_6_1/S0' has no load
WARNING - synthesis: logical net 'pc2mcu_uart_top1/pc2mcu_rx/equal_9_14_26288/S0' has no load
WARNING - synthesis: logical net 'pc2mcu_uart_top1/pc2mcu_rx/equal_9_14_26288/S1' has no load
WARNING - synthesis: logical net 'pc2mcu_uart_top1/pc2mcu_rx/equal_9_12/S0' has no load
WARNING - synthesis: logical net 'pc2mcu_uart_top1/pc2mcu_rx/equal_9_12/S1' has no load
WARNING - synthesis: logical net 'ir_car_detect3/add_9_13/CO' has no load
WARNING - synthesis: logical net 'ir_car_detect3/add_9_13/S1' has no load
WARNING - synthesis: logical net 'ir_car_detect3/add_9_1/S0' has no load
WARNING - synthesis: logical net 'ir_car_detect6/add_9_13/CO' has no load
WARNING - synthesis: logical net 'ir_car_detect6/add_9_13/S1' has no load
WARNING - synthesis: logical net 'ir_car_detect6/add_9_1/S0' has no load
WARNING - synthesis: logical net 'ir_rx_isntx/add_7_13/CO' has no load
WARNING - synthesis: logical net 'ir_rx_isntx/add_7_13/S1' has no load
WARNING - synthesis: logical net 'ir_rx_isntx/add_7_1/S0' has no load
WARNING - synthesis: logical net 'mcu2pc_uart_top1/mcu2pc_tx/sub_1290_add_2_15/CO' has no load
WARNING - synthesis: logical net 'mcu2pc_uart_top1/mcu2pc_tx/sub_1290_add_2_15/S0' has no load
WARNING - synthesis: logical net 'mcu2pc_uart_top1/mcu2pc_tx/sub_1290_add_2_13/S0' has no load
WARNING - synthesis: logical net 'mcu2pc_uart_top1/mcu2pc_tx/sub_1290_add_2_13/S1' has no load
WARNING - synthesis: logical net 'mcu2pc_uart_top1/mcu2pc_tx/sub_1290_add_2_11/S0' has no load
WARNING - synthesis: logical net 'mcu2pc_uart_top1/mcu2pc_tx/sub_1290_add_2_11/S1' has no load
WARNING - synthesis: logical net 'mcu2pc_uart_top1/mcu2pc_tx/sub_1290_add_2_9/S0' has no load
WARNING - synthesis: logical net 'mcu2pc_uart_top1/mcu2pc_tx/sub_1290_add_2_9/S1' has no load
WARNING - synthesis: logical net 'mcu2pc_uart_top1/mcu2pc_tx/sub_1290_add_2_7/S0' has no load
WARNING - synthesis: logical net 'mcu2pc_uart_top1/mcu2pc_tx/sub_1290_add_2_7/S1' has no load
WARNING - synthesis: logical net 'mcu2pc_uart_top1/mcu2pc_tx/sub_1290_add_2_5/S0' has no load
WARNING - synthesis: logical net 'mcu2pc_uart_top1/mcu2pc_tx/sub_1290_add_2_5/S1' has no load
WARNING - synthesis: logical net 'mcu2pc_uart_top1/mcu2pc_tx/sub_1290_add_2_3/S0' has no load
WARNING - synthesis: logical net 'mcu2pc_uart_top1/mcu2pc_tx/sub_1290_add_2_3/S1' has no load
WARNING - synthesis: logical net 'mcu2pc_uart_top1/mcu2pc_tx/sub_1290_add_2_1/S0' has no load
WARNING - synthesis: logical net 'mcu2pc_uart_top1/mcu2pc_tx/sub_1290_add_2_1/S1' has no load
WARNING - synthesis: logical net 'mcu2pc_uart_top1/mcu2pc_tx/rx_clk_count_1504_add_4_15/CO' has no load
WARNING - synthesis: logical net 'mcu2pc_uart_top1/mcu2pc_tx/rx_clk_count_1504_add_4_15/S1' has no load
WARNING - synthesis: logical net 'mcu2pc_uart_top1/mcu2pc_tx/rx_clk_count_1504_add_4_1/S0' has no load
WARNING - synthesis: logical net 'mcu2pc_uart_top1/mcu2pc_rx/equal_9_14/CO' has no load
WARNING - synthesis: logical net 'mcu2pc_uart_top1/mcu2pc_rx/equal_9_14/S1' has no load
WARNING - synthesis: logical net 'mcu2pc_uart_top1/mcu2pc_rx/equal_9_14_26287/S0' has no load
WARNING - synthesis: logical net 'mcu2pc_uart_top1/mcu2pc_rx/equal_9_14_26287/S1' has no load
WARNING - synthesis: logical net 'mcu2pc_uart_top1/mcu2pc_rx/equal_9_12/S0' has no load
WARNING - synthesis: logical net 'mcu2pc_uart_top1/mcu2pc_rx/equal_9_12/S1' has no load
WARNING - synthesis: logical net 'mcu2pc_uart_top1/mcu2pc_rx/sub_8_add_2_1/S0' has no load
WARNING - synthesis: logical net 'mcu2pc_uart_top1/mcu2pc_rx/equal_9_10/S0' has no load
WARNING - synthesis: logical net 'mcu2pc_uart_top1/mcu2pc_rx/equal_9_10/S1' has no load
WARNING - synthesis: logical net 'mcu2pc_uart_top1/mcu2pc_rx/sub_1288_add_2_15/CO' has no load
WARNING - synthesis: logical net 'mcu2pc_uart_top1/mcu2pc_rx/sub_1288_add_2_15/S0' has no load
WARNING - synthesis: logical net 'mcu2pc_uart_top1/mcu2pc_rx/sub_1288_add_2_13/S0' has no load
WARNING - synthesis: logical net 'mcu2pc_uart_top1/mcu2pc_rx/sub_1288_add_2_13/S1' has no load
WARNING - synthesis: logical net 'mcu2pc_uart_top1/mcu2pc_rx/sub_1288_add_2_11/S0' has no load
WARNING - synthesis: logical net 'mcu2pc_uart_top1/mcu2pc_rx/sub_1288_add_2_11/S1' has no load
WARNING - synthesis: logical net 'mcu2pc_uart_top1/mcu2pc_rx/sub_1288_add_2_9/S0' has no load
WARNING - synthesis: logical net 'mcu2pc_uart_top1/mcu2pc_rx/sub_1288_add_2_9/S1' has no load
WARNING - synthesis: logical net 'mcu2pc_uart_top1/mcu2pc_rx/sub_1288_add_2_7/S0' has no load
WARNING - synthesis: logical net 'mcu2pc_uart_top1/mcu2pc_rx/sub_1288_add_2_7/S1' has no load
WARNING - synthesis: logical net 'mcu2pc_uart_top1/mcu2pc_rx/sub_1288_add_2_5/S0' has no load
WARNING - synthesis: logical net 'mcu2pc_uart_top1/mcu2pc_rx/sub_1288_add_2_5/S1' has no load
WARNING - synthesis: logical net 'mcu2pc_uart_top1/mcu2pc_rx/sub_1288_add_2_3/S0' has no load
WARNING - synthesis: logical net 'mcu2pc_uart_top1/mcu2pc_rx/sub_1288_add_2_3/S1' has no load
WARNING - synthesis: logical net 'mcu2pc_uart_top1/mcu2pc_rx/sub_1288_add_2_1/S0' has no load
WARNING - synthesis: logical net 'mcu2pc_uart_top1/mcu2pc_rx/sub_1288_add_2_1/S1' has no load
WARNING - synthesis: logical net 'mcu2pc_uart_top1/mcu2pc_rx/equal_9_0/S0' has no load
WARNING - synthesis: logical net 'mcu2pc_uart_top1/mcu2pc_rx/equal_9_0/S1' has no load
WARNING - synthesis: logical net 'mcu2pc_uart_top1/mcu2pc_rx/add_6_15/CO' has no load
WARNING - synthesis: logical net 'mcu2pc_uart_top1/mcu2pc_rx/add_6_15/S1' has no load
WARNING - synthesis: logical net 'mcu2pc_uart_top1/mcu2pc_rx/add_6_1/S0' has no load
WARNING - synthesis: logical net 'mcu2pc_uart_top1/mcu2pc_rx/sub_8_add_2_15/CO' has no load
WARNING - synthesis: logical net 'mcu2pc_uart_top1/mcu2pc_rx/sub_8_add_2_15/S1' has no load
WARNING - synthesis: DRC complete with 157 warnings

Design Results:
   1536 blocks expanded
completed the first expansion
