Resource Usage Report
Part: lcmxo2_1200hc-4

Register bits: 655 of 1280 (51%)
PIC Latch:       0
I/O cells:       64

Details:
CCU2D:          274
FD1P3AX:        119
FD1P3BX:        4
FD1P3DX:        41
FD1P3IX:        2
FD1S3AX:        71
FD1S3BX:        100
FD1S3DX:        292
FD1S3IX:        11
FD1S3JX:        3
GSR:            1
IB:             34
IFS1P3DX:       4
INV:            12
OB:             30
OFS1P3IX:       4
OFS1P3JX:       4
ORCALUT4:       556
PFUMX:          7
PUR:            1
VHI:            1
VLO:            1
false:          44
true:           44
